mode: set
todo-app/internal/manager/task_manager.go:93.36,98.2 1 1
todo-app/internal/manager/task_manager.go:100.65,102.15 2 1
todo-app/internal/manager/task_manager.go:102.15,104.3 1 1
todo-app/internal/manager/task_manager.go:106.2,106.23 1 1
todo-app/internal/manager/task_manager.go:106.23,109.3 2 1
todo-app/internal/manager/task_manager.go:111.2,111.29 1 1
todo-app/internal/manager/task_manager.go:111.29,114.3 2 1
todo-app/internal/manager/task_manager.go:116.2,132.16 9 1
todo-app/internal/manager/task_manager.go:135.81,137.15 2 1
todo-app/internal/manager/task_manager.go:137.15,139.3 1 1
todo-app/internal/manager/task_manager.go:141.2,145.13 4 1
todo-app/internal/manager/task_manager.go:145.13,148.3 2 1
todo-app/internal/manager/task_manager.go:150.2,150.28 1 1
todo-app/internal/manager/task_manager.go:150.28,151.29 1 1
todo-app/internal/manager/task_manager.go:151.29,154.4 2 1
todo-app/internal/manager/task_manager.go:155.3,155.35 1 1
todo-app/internal/manager/task_manager.go:155.35,158.4 2 1
todo-app/internal/manager/task_manager.go:159.3,159.38 1 1
todo-app/internal/manager/task_manager.go:162.2,162.26 1 1
todo-app/internal/manager/task_manager.go:162.26,164.3 1 1
todo-app/internal/manager/task_manager.go:166.2,171.19 5 1
todo-app/internal/manager/task_manager.go:174.49,176.15 2 1
todo-app/internal/manager/task_manager.go:176.15,178.3 1 1
todo-app/internal/manager/task_manager.go:180.2,183.40 3 1
todo-app/internal/manager/task_manager.go:183.40,186.3 2 1
todo-app/internal/manager/task_manager.go:188.2,191.12 4 1
todo-app/internal/manager/task_manager.go:194.55,199.13 4 1
todo-app/internal/manager/task_manager.go:199.13,201.3 1 1
todo-app/internal/manager/task_manager.go:202.2,202.19 1 1
todo-app/internal/manager/task_manager.go:205.45,210.32 4 1
todo-app/internal/manager/task_manager.go:210.32,212.3 1 1
todo-app/internal/manager/task_manager.go:213.2,213.14 1 1
todo-app/internal/manager/task_manager.go:216.62,218.18 2 1
todo-app/internal/manager/task_manager.go:218.18,220.6 1 1
todo-app/internal/manager/task_manager.go:222.5,226.16 4 1
todo-app/internal/manager/task_manager.go:226.16,229.6 2 1
todo-app/internal/manager/task_manager.go:231.5,238.22 6 1
todo-app/internal/manager/task_manager.go:241.60,246.35 4 1
todo-app/internal/manager/task_manager.go:246.35,247.61 1 1
todo-app/internal/manager/task_manager.go:247.61,249.10 1 1
todo-app/internal/manager/task_manager.go:251.5,251.17 1 1
