mode: set
todo-app/internal/manager/task_manager.go:103.36,108.2 1 1
todo-app/internal/manager/task_manager.go:110.44,113.30 3 1
todo-app/internal/manager/task_manager.go:113.30,116.41 3 1
todo-app/internal/manager/task_manager.go:116.41,119.10 2 1
todo-app/internal/manager/task_manager.go:121.5,121.18 1 1
todo-app/internal/manager/task_manager.go:124.80,126.15 2 1
todo-app/internal/manager/task_manager.go:126.15,128.3 1 1
todo-app/internal/manager/task_manager.go:129.2,129.23 1 1
todo-app/internal/manager/task_manager.go:129.23,132.3 2 1
todo-app/internal/manager/task_manager.go:133.2,133.29 1 1
todo-app/internal/manager/task_manager.go:133.29,136.3 2 1
todo-app/internal/manager/task_manager.go:137.2,153.16 9 1
todo-app/internal/manager/task_manager.go:156.81,158.15 2 1
todo-app/internal/manager/task_manager.go:158.15,160.3 1 1
todo-app/internal/manager/task_manager.go:161.2,164.13 4 1
todo-app/internal/manager/task_manager.go:164.13,167.3 2 1
todo-app/internal/manager/task_manager.go:168.2,168.28 1 1
todo-app/internal/manager/task_manager.go:168.28,169.29 1 1
todo-app/internal/manager/task_manager.go:169.29,172.4 2 1
todo-app/internal/manager/task_manager.go:173.3,173.35 1 1
todo-app/internal/manager/task_manager.go:173.35,176.4 2 1
todo-app/internal/manager/task_manager.go:177.3,177.38 1 1
todo-app/internal/manager/task_manager.go:179.2,179.26 1 1
todo-app/internal/manager/task_manager.go:179.26,181.3 1 1
todo-app/internal/manager/task_manager.go:182.2,182.25 1 1
todo-app/internal/manager/task_manager.go:182.25,184.3 1 1
todo-app/internal/manager/task_manager.go:185.2,185.24 1 1
todo-app/internal/manager/task_manager.go:185.24,187.3 1 1
todo-app/internal/manager/task_manager.go:188.2,188.21 1 1
todo-app/internal/manager/task_manager.go:188.21,190.3 1 1
todo-app/internal/manager/task_manager.go:191.2,195.19 5 1
todo-app/internal/manager/task_manager.go:198.49,200.15 2 1
todo-app/internal/manager/task_manager.go:200.15,202.3 1 1
todo-app/internal/manager/task_manager.go:203.2,205.40 3 1
todo-app/internal/manager/task_manager.go:205.40,208.3 2 1
todo-app/internal/manager/task_manager.go:209.2,212.12 4 1
todo-app/internal/manager/task_manager.go:215.55,219.13 4 1
todo-app/internal/manager/task_manager.go:219.13,221.3 1 1
todo-app/internal/manager/task_manager.go:222.2,222.19 1 1
todo-app/internal/manager/task_manager.go:225.45,229.32 4 1
todo-app/internal/manager/task_manager.go:229.32,231.3 1 1
todo-app/internal/manager/task_manager.go:232.2,232.14 1 1
todo-app/internal/manager/task_manager.go:235.62,237.15 2 1
todo-app/internal/manager/task_manager.go:237.15,239.3 1 1
todo-app/internal/manager/task_manager.go:240.2,243.13 4 1
todo-app/internal/manager/task_manager.go:243.13,246.3 2 1
todo-app/internal/manager/task_manager.go:247.2,252.19 6 1
todo-app/internal/manager/task_manager.go:255.60,259.32 4 1
todo-app/internal/manager/task_manager.go:259.32,260.55 1 1
todo-app/internal/manager/task_manager.go:260.55,262.4 1 1
todo-app/internal/manager/task_manager.go:264.2,264.14 1 1
todo-app/internal/manager/task_manager.go:267.67,271.32 4 1
todo-app/internal/manager/task_manager.go:271.32,272.32 1 1
todo-app/internal/manager/task_manager.go:272.32,274.4 1 1
todo-app/internal/manager/task_manager.go:276.2,276.14 1 1
todo-app/internal/manager/task_manager.go:279.55,286.35 5 1
todo-app/internal/manager/task_manager.go:286.35,287.37 1 1
todo-app/internal/manager/task_manager.go:287.37,288.42 1 1
todo-app/internal/manager/task_manager.go:288.42,290.22 2 1
todo-app/internal/manager/task_manager.go:294.5,294.18 1 1
todo-app/internal/manager/task_manager.go:297.46,302.35 4 1
todo-app/internal/manager/task_manager.go:302.35,303.39 1 1
todo-app/internal/manager/task_manager.go:303.39,305.33 2 1
todo-app/internal/manager/task_manager.go:305.33,307.14 1 1
todo-app/internal/manager/task_manager.go:311.5,312.30 2 1
todo-app/internal/manager/task_manager.go:312.30,314.6 1 1
todo-app/internal/manager/task_manager.go:316.5,317.16 2 1
todo-app/internal/manager/task_manager.go:320.58,327.32 7 1
todo-app/internal/manager/task_manager.go:327.32,328.46 1 1
todo-app/internal/manager/task_manager.go:328.46,329.12 1 1
todo-app/internal/manager/task_manager.go:331.3,338.78 2 1
todo-app/internal/manager/task_manager.go:338.78,340.4 1 1
todo-app/internal/manager/task_manager.go:342.2,342.40 1 1
todo-app/internal/manager/task_manager.go:342.40,344.3 1 1
todo-app/internal/manager/task_manager.go:345.2,345.14 1 1
todo-app/internal/manager/task_manager.go:348.71,353.35 4 1
todo-app/internal/manager/task_manager.go:353.35,356.37 1 1
todo-app/internal/manager/task_manager.go:356.37,358.10 1 1
todo-app/internal/manager/task_manager.go:362.5,362.44 1 1
todo-app/internal/manager/task_manager.go:362.44,364.6 1 1
todo-app/internal/manager/task_manager.go:366.5,366.18 1 1
